# JRE version: OpenJDK Runtime Environment (17.0.6) (build 17.0.6+0-b2043.56-10027231)
# Java VM: OpenJDK 64-Bit Server VM (17.0.6+0-b2043.56-10027231, mixed mode, tiered, compressed oops, compressed class ptrs, g1 gc, windows-amd64)
GC Precious Log:
 CPUs: 4 total, 4 available
 Memory: 16025M
 Large Page Support: Disabled
 NUMA Support: Disabled
 Compressed Oops: Enabled (32-bit)
 Heap Region Size: 1M
 Heap Min Capacity: 8M
 Heap Initial Capacity: 252M
 Heap Max Capacity: 2G
 Pre-touch: Disabled
 Parallel Workers: 4
 Concurrent Workers: 1
 Concurrent Refinement Workers: 4
 Periodic GC: Disabled
Heap:
 garbage-first heap   total 434176K, used 207073K [0x0000000080000000, 0x0000000100000000)
  region size 1024K, 4 young (4096K), 4 survivors (4096K)
 Metaspace       used 144242K, committed 145152K, reserved 1179648K
  class space    used 18928K, committed 19328K, reserved 1048576K
GC Heap History (20 events):
Event: 70.643 GC heap after
{Heap after GC invocations=75 (full 0):
 garbage-first heap   total 434176K, used 143615K [0x0000000080000000, 0x0000000100000000)
  region size 1024K, 2 young (2048K), 2 survivors (2048K)
 Metaspace       used 141825K, committed 142720K, reserved 1179648K
  class space    used 18643K, committed 19072K, reserved 1048576K
}
Event: 72.858 GC heap before
{Heap before GC invocations=75 (full 0):
 garbage-first heap   total 434176K, used 362751K [0x0000000080000000, 0x0000000100000000)
  region size 1024K, 216 young (221184K), 2 survivors (2048K)
 Metaspace       used 142607K, committed 143488K, reserved 1179648K
  class space    used 18720K, committed 19200K, reserved 1048576K
}
Event: 72.864 GC heap after
{Heap after GC invocations=76 (full 0):
 garbage-first heap   total 434176K, used 143500K [0x0000000080000000, 0x0000000100000000)
  region size 1024K, 2 young (2048K), 2 survivors (2048K)
 Metaspace       used 142607K, committed 143488K, reserved 1179648K
  class space    used 18720K, committed 19200K, reserved 1048576K
}
Event: 75.852 GC heap before
{Heap before GC invocations=77 (full 0):
 garbage-first heap   total 434176K, used 369804K [0x0000000080000000, 0x0000000100000000)
  region size 1024K, 221 young (226304K), 2 survivors (2048K)
 Metaspace       used 143248K, committed 144192K, reserved 1179648K
  class space    used 18789K, committed 19264K, reserved 1048576K
}
Event: 75.859 GC heap after
{Heap after GC invocations=78 (full 0):
 garbage-first heap   total 434176K, used 144796K [0x0000000080000000, 0x0000000100000000)
  region size 1024K, 3 young (3072K), 3 survivors (3072K)
 Metaspace       used 143248K, committed 144192K, reserved 1179648K
  class space    used 18789K, committed 19264K, reserved 1048576K
}
Event: 76.140 GC heap before
{Heap before GC invocations=78 (full 0):
 garbage-first heap   total 434176K, used 163228K [0x0000000080000000, 0x0000000100000000)
  region size 1024K, 21 young (21504K), 3 survivors (3072K)
 Metaspace       used 143271K, committed 144192K, reserved 1179648K
  class space    used 18790K, committed 19264K, reserved 1048576K
}
Event: 76.165 GC heap after
{Heap after GC invocations=79 (full 0):
 garbage-first heap   total 434176K, used 144156K [0x0000000080000000, 0x0000000100000000)
  region size 1024K, 3 young (3072K), 3 survivors (3072K)
 Metaspace       used 143271K, committed 144192K, reserved 1179648K
  class space    used 18790K, committed 19264K, reserved 1048576K
}
Event: 79.800 GC heap before
{Heap before GC invocations=79 (full 0):
 garbage-first heap   total 434176K, used 370460K [0x0000000080000000, 0x0000000100000000)
  region size 1024K, 224 young (229376K), 3 survivors (3072K)
 Metaspace       used 143533K, committed 144448K, reserved 1179648K
  class space    used 18825K, committed 19264K, reserved 1048576K
}
Event: 79.805 GC heap after
{Heap after GC invocations=80 (full 0):
 garbage-first heap   total 434176K, used 144562K [0x0000000080000000, 0x0000000100000000)
  region size 1024K, 4 young (4096K), 4 survivors (4096K)
 Metaspace       used 143533K, committed 144448K, reserved 1179648K
  class space    used 18825K, committed 19264K, reserved 1048576K
}
Event: 83.384 GC heap before
{Heap before GC invocations=80 (full 0):
 garbage-first heap   total 434176K, used 373938K [0x0000000080000000, 0x0000000100000000)
  region size 1024K, 227 young (232448K), 4 survivors (4096K)
 Metaspace       used 144141K, committed 145024K, reserved 1179648K
  class space    used 18924K, committed 19328K, reserved 1048576K
}
Event: 83.398 GC heap after
{Heap after GC invocations=81 (full 0):
 garbage-first heap   total 434176K, used 148721K [0x0000000080000000, 0x0000000100000000)
  region size 1024K, 8 young (8192K), 8 survivors (8192K)
 Metaspace       used 144141K, committed 145024K, reserved 1179648K
  class space    used 18924K, committed 19328K, reserved 1048576K
}
Event: 85.424 GC heap before
{Heap before GC invocations=81 (full 0):
 garbage-first heap   total 434176K, used 370929K [0x0000000080000000, 0x0000000100000000)
  region size 1024K, 226 young (231424K), 8 survivors (8192K)
 Metaspace       used 144179K, committed 145024K, reserved 1179648K
  class space    used 18926K, committed 19328K, reserved 1048576K
}
Event: 85.449 GC heap after
{Heap after GC invocations=82 (full 0):
 garbage-first heap   total 434176K, used 170780K [0x0000000080000000, 0x0000000100000000)
  region size 1024K, 29 young (29696K), 29 survivors (29696K)
 Metaspace       used 144179K, committed 145024K, reserved 1179648K
  class space    used 18926K, committed 19328K, reserved 1048576K
}
Event: 89.307 GC heap before
{Heap before GC invocations=82 (full 0):
 garbage-first heap   total 434176K, used 352028K [0x0000000080000000, 0x0000000100000000)
  region size 1024K, 206 young (210944K), 29 survivors (29696K)
 Metaspace       used 144191K, committed 145088K, reserved 1179648K
  class space    used 18927K, committed 19328K, reserved 1048576K
}
Event: 89.361 GC heap after
{Heap after GC invocations=83 (full 0):
 garbage-first heap   total 434176K, used 193736K [0x0000000080000000, 0x0000000100000000)
  region size 1024K, 24 young (24576K), 24 survivors (24576K)
 Metaspace       used 144191K, committed 145088K, reserved 1179648K
  class space    used 18927K, committed 19328K, reserved 1048576K
}
Event: 89.913 GC heap before
{Heap before GC invocations=83 (full 0):
 garbage-first heap   total 434176K, used 346312K [0x0000000080000000, 0x0000000100000000)
  region size 1024K, 174 young (178176K), 24 survivors (24576K)
 Metaspace       used 144194K, committed 145088K, reserved 1179648K
  class space    used 18927K, committed 19328K, reserved 1048576K
}
Event: 89.951 GC heap after
{Heap after GC invocations=84 (full 0):
 garbage-first heap   total 434176K, used 206848K [0x0000000080000000, 0x0000000100000000)
  region size 1024K, 13 young (13312K), 13 survivors (13312K)
 Metaspace       used 144194K, committed 145088K, reserved 1179648K
  class space    used 18927K, committed 19328K, reserved 1048576K
}
Event: 90.414 GC heap before
{Heap before GC invocations=84 (full 0):
 garbage-first heap   total 434176K, used 351232K [0x0000000080000000, 0x0000000100000000)
  region size 1024K, 154 young (157696K), 13 survivors (13312K)
 Metaspace       used 144220K, committed 145088K, reserved 1179648K
  class space    used 18927K, committed 19328K, reserved 1048576K
}
Event: 90.436 GC heap after
{Heap after GC invocations=85 (full 0):
 garbage-first heap   total 434176K, used 205824K [0x0000000080000000, 0x0000000100000000)
  region size 1024K, 2 young (2048K), 2 survivors (2048K)
 Metaspace       used 144220K, committed 145088K, reserved 1179648K
  class space    used 18927K, committed 19328K, reserved 1048576K
}
Event: 91.156 GC heap before
{Heap before GC invocations=85 (full 0):
 garbage-first heap   total 434176K, used 357376K [0x0000000080000000, 0x0000000100000000)
  region size 1024K, 150 young (153600K), 2 survivors (2048K)
 Metaspace       used 144242K, committed 145152K, reserved 1179648K
  class space    used 18928K, committed 19328K, reserved 1048576K
}

