# JRE version: OpenJDK Runtime Environment (17.0.6) (build 17.0.6+0-b2043.56-10027231)
# Java VM: OpenJDK 64-Bit Server VM (17.0.6+0-b2043.56-10027231, mixed mode, tiered, compressed oops, compressed class ptrs, g1 gc, windows-amd64)
GC Precious Log:
 CPUs: 4 total, 4 available
 Memory: 16025M
 Large Page Support: Disabled
 NUMA Support: Disabled
 Compressed Oops: Enabled (32-bit)
 Heap Region Size: 1M
 Heap Min Capacity: 8M
 Heap Initial Capacity: 252M
 Heap Max Capacity: 2G
 Pre-touch: Disabled
 Parallel Workers: 4
 Concurrent Workers: 1
 Concurrent Refinement Workers: 4
 Periodic GC: Disabled
Heap:
 garbage-first heap   total 394240K, used 224007K [0x0000000080000000, 0x0000000100000000)
  region size 1024K, 5 young (5120K), 5 survivors (5120K)
 Metaspace       used 151804K, committed 152640K, reserved 1187840K
  class space    used 19892K, committed 20288K, reserved 1048576K
GC Heap History (20 events):
Event: 61.299 GC heap after
{Heap after GC invocations=69 (full 0):
 garbage-first heap   total 319488K, used 222175K [0x0000000080000000, 0x0000000100000000)
  region size 1024K, 2 young (2048K), 2 survivors (2048K)
 Metaspace       used 151778K, committed 152640K, reserved 1187840K
  class space    used 19891K, committed 20288K, reserved 1048576K
}
Event: 62.746 GC heap before
{Heap before GC invocations=69 (full 0):
 garbage-first heap   total 319488K, used 267231K [0x0000000080000000, 0x0000000100000000)
  region size 1024K, 46 young (47104K), 2 survivors (2048K)
 Metaspace       used 151794K, committed 152640K, reserved 1187840K
  class space    used 19891K, committed 20288K, reserved 1048576K
}
Event: 62.757 GC heap after
{Heap after GC invocations=70 (full 0):
 garbage-first heap   total 319488K, used 230910K [0x0000000080000000, 0x0000000100000000)
  region size 1024K, 6 young (6144K), 6 survivors (6144K)
 Metaspace       used 151794K, committed 152640K, reserved 1187840K
  class space    used 19891K, committed 20288K, reserved 1048576K
}
Event: 63.332 GC heap before
{Heap before GC invocations=71 (full 0):
 garbage-first heap   total 394240K, used 262654K [0x0000000080000000, 0x0000000100000000)
  region size 1024K, 42 young (43008K), 6 survivors (6144K)
 Metaspace       used 151798K, committed 152640K, reserved 1187840K
  class space    used 19891K, committed 20288K, reserved 1048576K
}
Event: 63.340 GC heap after
{Heap after GC invocations=72 (full 0):
 garbage-first heap   total 394240K, used 227068K [0x0000000080000000, 0x0000000100000000)
  region size 1024K, 3 young (3072K), 3 survivors (3072K)
 Metaspace       used 151798K, committed 152640K, reserved 1187840K
  class space    used 19891K, committed 20288K, reserved 1048576K
}
Event: 63.515 GC heap before
{Heap before GC invocations=72 (full 0):
 garbage-first heap   total 394240K, used 243452K [0x0000000080000000, 0x0000000100000000)
  region size 1024K, 19 young (19456K), 3 survivors (3072K)
 Metaspace       used 151798K, committed 152640K, reserved 1187840K
  class space    used 19891K, committed 20288K, reserved 1048576K
}
Event: 63.521 GC heap after
{Heap after GC invocations=73 (full 0):
 garbage-first heap   total 394240K, used 221244K [0x0000000080000000, 0x0000000100000000)
  region size 1024K, 3 young (3072K), 3 survivors (3072K)
 Metaspace       used 151798K, committed 152640K, reserved 1187840K
  class space    used 19891K, committed 20288K, reserved 1048576K
}
Event: 65.188 GC heap before
{Heap before GC invocations=73 (full 0):
 garbage-first heap   total 394240K, used 310332K [0x0000000080000000, 0x0000000100000000)
  region size 1024K, 90 young (92160K), 3 survivors (3072K)
 Metaspace       used 151799K, committed 152640K, reserved 1187840K
  class space    used 19891K, committed 20288K, reserved 1048576K
}
Event: 65.195 GC heap after
{Heap after GC invocations=74 (full 0):
 garbage-first heap   total 394240K, used 222625K [0x0000000080000000, 0x0000000100000000)
  region size 1024K, 4 young (4096K), 4 survivors (4096K)
 Metaspace       used 151799K, committed 152640K, reserved 1187840K
  class space    used 19891K, committed 20288K, reserved 1048576K
}
Event: 67.024 GC heap before
{Heap before GC invocations=75 (full 0):
 garbage-first heap   total 394240K, used 314785K [0x0000000080000000, 0x0000000100000000)
  region size 1024K, 94 young (96256K), 4 survivors (4096K)
 Metaspace       used 151799K, committed 152640K, reserved 1187840K
  class space    used 19891K, committed 20288K, reserved 1048576K
}
Event: 67.030 GC heap after
{Heap after GC invocations=76 (full 0):
 garbage-first heap   total 394240K, used 224554K [0x0000000080000000, 0x0000000100000000)
  region size 1024K, 6 young (6144K), 6 survivors (6144K)
 Metaspace       used 151799K, committed 152640K, reserved 1187840K
  class space    used 19891K, committed 20288K, reserved 1048576K
}
Event: 67.480 GC heap before
{Heap before GC invocations=76 (full 0):
 garbage-first heap   total 394240K, used 237866K [0x0000000080000000, 0x0000000100000000)
  region size 1024K, 19 young (19456K), 6 survivors (6144K)
 Metaspace       used 151799K, committed 152640K, reserved 1187840K
  class space    used 19891K, committed 20288K, reserved 1048576K
}
Event: 67.490 GC heap after
{Heap after GC invocations=77 (full 0):
 garbage-first heap   total 394240K, used 220669K [0x0000000080000000, 0x0000000100000000)
  region size 1024K, 3 young (3072K), 3 survivors (3072K)
 Metaspace       used 151799K, committed 152640K, reserved 1187840K
  class space    used 19891K, committed 20288K, reserved 1048576K
}
Event: 70.907 GC heap before
{Heap before GC invocations=77 (full 0):
 garbage-first heap   total 394240K, used 321021K [0x0000000080000000, 0x0000000100000000)
  region size 1024K, 101 young (103424K), 3 survivors (3072K)
 Metaspace       used 151800K, committed 152640K, reserved 1187840K
  class space    used 19891K, committed 20288K, reserved 1048576K
}
Event: 70.913 GC heap after
{Heap after GC invocations=78 (full 0):
 garbage-first heap   total 394240K, used 222808K [0x0000000080000000, 0x0000000100000000)
  region size 1024K, 5 young (5120K), 5 survivors (5120K)
 Metaspace       used 151800K, committed 152640K, reserved 1187840K
  class space    used 19891K, committed 20288K, reserved 1048576K
}
Event: 72.636 GC heap before
{Heap before GC invocations=79 (full 0):
 garbage-first heap   total 394240K, used 326232K [0x0000000080000000, 0x0000000100000000)
  region size 1024K, 106 young (108544K), 5 survivors (5120K)
 Metaspace       used 151804K, committed 152640K, reserved 1187840K
  class space    used 19892K, committed 20288K, reserved 1048576K
}
Event: 72.643 GC heap after
{Heap after GC invocations=80 (full 0):
 garbage-first heap   total 394240K, used 224493K [0x0000000080000000, 0x0000000100000000)
  region size 1024K, 7 young (7168K), 7 survivors (7168K)
 Metaspace       used 151804K, committed 152640K, reserved 1187840K
  class space    used 19892K, committed 20288K, reserved 1048576K
}
Event: 72.756 GC heap before
{Heap before GC invocations=80 (full 0):
 garbage-first heap   total 394240K, used 236781K [0x0000000080000000, 0x0000000100000000)
  region size 1024K, 19 young (19456K), 7 survivors (7168K)
 Metaspace       used 151804K, committed 152640K, reserved 1187840K
  class space    used 19892K, committed 20288K, reserved 1048576K
}
Event: 72.765 GC heap after
{Heap after GC invocations=81 (full 0):
 garbage-first heap   total 394240K, used 222492K [0x0000000080000000, 0x0000000100000000)
  region size 1024K, 3 young (3072K), 3 survivors (3072K)
 Metaspace       used 151804K, committed 152640K, reserved 1187840K
  class space    used 19892K, committed 20288K, reserved 1048576K
}
Event: 73.814 GC heap before
{Heap before GC invocations=81 (full 0):
 garbage-first heap   total 394240K, used 330012K [0x0000000080000000, 0x0000000100000000)
  region size 1024K, 108 young (110592K), 3 survivors (3072K)
 Metaspace       used 151804K, committed 152640K, reserved 1187840K
  class space    used 19892K, committed 20288K, reserved 1048576K
}

