# JRE version: OpenJDK Runtime Environment (17.0.6) (build 17.0.6+0-b2043.56-10027231)
# Java VM: OpenJDK 64-Bit Server VM (17.0.6+0-b2043.56-10027231, mixed mode, tiered, compressed oops, compressed class ptrs, g1 gc, windows-amd64)
GC Precious Log:
 CPUs: 4 total, 4 available
 Memory: 16025M
 Large Page Support: Disabled
 NUMA Support: Disabled
 Compressed Oops: Enabled (Zero based)
 Heap Region Size: 2M
 Heap Min Capacity: 8M
 Heap Initial Capacity: 252M
 Heap Max Capacity: 4008M
 Pre-touch: Disabled
 Parallel Workers: 4
 Concurrent Workers: 1
 Concurrent Refinement Workers: 4
 Periodic GC: Disabled
Heap:
 garbage-first heap   total 258048K, used 131820K [0x0000000705800000, 0x0000000800000000)
  region size 2048K, 1 young (2048K), 1 survivors (2048K)
 Metaspace       used 95763K, committed 96192K, reserved 1138688K
  class space    used 10392K, committed 10560K, reserved 1048576K
GC Heap History (20 events):
Event: 11.751 GC heap after
{Heap after GC invocations=24 (full 0):
 garbage-first heap   total 157696K, used 81028K [0x0000000705800000, 0x0000000800000000)
  region size 2048K, 2 young (4096K), 2 survivors (4096K)
 Metaspace       used 68869K, committed 69184K, reserved 1114112K
  class space    used 7879K, committed 8000K, reserved 1048576K
}
Event: 11.877 GC heap before
{Heap before GC invocations=24 (full 0):
 garbage-first heap   total 157696K, used 124036K [0x0000000705800000, 0x0000000800000000)
  region size 2048K, 23 young (47104K), 2 survivors (4096K)
 Metaspace       used 68869K, committed 69184K, reserved 1114112K
  class space    used 7879K, committed 8000K, reserved 1048576K
}
Event: 11.883 GC heap after
{Heap after GC invocations=25 (full 0):
 garbage-first heap   total 221184K, used 85321K [0x0000000705800000, 0x0000000800000000)
  region size 2048K, 3 young (6144K), 3 survivors (6144K)
 Metaspace       used 68869K, committed 69184K, reserved 1114112K
  class space    used 7879K, committed 8000K, reserved 1048576K
}
Event: 13.629 GC heap before
{Heap before GC invocations=26 (full 0):
 garbage-first heap   total 221184K, used 171337K [0x0000000705800000, 0x0000000800000000)
  region size 2048K, 45 young (92160K), 3 survivors (6144K)
 Metaspace       used 73238K, committed 73600K, reserved 1114112K
  class space    used 8315K, committed 8448K, reserved 1048576K
}
Event: 13.642 GC heap after
{Heap after GC invocations=27 (full 0):
 garbage-first heap   total 221184K, used 92923K [0x0000000705800000, 0x0000000800000000)
  region size 2048K, 6 young (12288K), 6 survivors (12288K)
 Metaspace       used 73238K, committed 73600K, reserved 1114112K
  class space    used 8315K, committed 8448K, reserved 1048576K
}
Event: 15.160 GC heap before
{Heap before GC invocations=27 (full 0):
 garbage-first heap   total 221184K, used 168699K [0x0000000705800000, 0x0000000800000000)
  region size 2048K, 43 young (88064K), 6 survivors (12288K)
 Metaspace       used 79253K, committed 79616K, reserved 1122304K
  class space    used 8905K, committed 9088K, reserved 1048576K
}
Event: 15.185 GC heap after
{Heap after GC invocations=28 (full 0):
 garbage-first heap   total 221184K, used 105987K [0x0000000705800000, 0x0000000800000000)
  region size 2048K, 6 young (12288K), 6 survivors (12288K)
 Metaspace       used 79253K, committed 79616K, reserved 1122304K
  class space    used 8905K, committed 9088K, reserved 1048576K
}
Event: 16.276 GC heap before
{Heap before GC invocations=28 (full 0):
 garbage-first heap   total 221184K, used 171523K [0x0000000705800000, 0x0000000800000000)
  region size 2048K, 38 young (77824K), 6 survivors (12288K)
 Metaspace       used 80827K, committed 81216K, reserved 1122304K
  class space    used 9040K, committed 9216K, reserved 1048576K
}
Event: 16.308 GC heap after
{Heap after GC invocations=29 (full 0):
 garbage-first heap   total 221184K, used 124938K [0x0000000705800000, 0x0000000800000000)
  region size 2048K, 5 young (10240K), 5 survivors (10240K)
 Metaspace       used 80827K, committed 81216K, reserved 1122304K
  class space    used 9040K, committed 9216K, reserved 1048576K
}
Event: 17.353 GC heap before
{Heap before GC invocations=29 (full 0):
 garbage-first heap   total 221184K, used 169994K [0x0000000705800000, 0x0000000800000000)
  region size 2048K, 28 young (57344K), 5 survivors (10240K)
 Metaspace       used 88217K, committed 88576K, reserved 1130496K
  class space    used 9890K, committed 10048K, reserved 1048576K
}
Event: 17.366 GC heap after
{Heap after GC invocations=30 (full 0):
 garbage-first heap   total 221184K, used 129301K [0x0000000705800000, 0x0000000800000000)
  region size 2048K, 2 young (4096K), 2 survivors (4096K)
 Metaspace       used 88217K, committed 88576K, reserved 1130496K
  class space    used 9890K, committed 10048K, reserved 1048576K
}
Event: 19.122 GC heap before
{Heap before GC invocations=31 (full 0):
 garbage-first heap   total 225280K, used 172309K [0x0000000705800000, 0x0000000800000000)
  region size 2048K, 24 young (49152K), 2 survivors (4096K)
 Metaspace       used 89540K, committed 89920K, reserved 1130496K
  class space    used 9898K, committed 10048K, reserved 1048576K
}
Event: 19.130 GC heap after
{Heap after GC invocations=32 (full 0):
 garbage-first heap   total 225280K, used 127246K [0x0000000705800000, 0x0000000800000000)
  region size 2048K, 2 young (4096K), 2 survivors (4096K)
 Metaspace       used 89540K, committed 89920K, reserved 1130496K
  class space    used 9898K, committed 10048K, reserved 1048576K
}
Event: 19.468 GC heap before
{Heap before GC invocations=32 (full 0):
 garbage-first heap   total 225280K, used 133390K [0x0000000705800000, 0x0000000800000000)
  region size 2048K, 5 young (10240K), 2 survivors (4096K)
 Metaspace       used 89555K, committed 89920K, reserved 1130496K
  class space    used 9898K, committed 10048K, reserved 1048576K
}
Event: 19.478 GC heap after
{Heap after GC invocations=33 (full 0):
 garbage-first heap   total 225280K, used 127455K [0x0000000705800000, 0x0000000800000000)
  region size 2048K, 1 young (2048K), 1 survivors (2048K)
 Metaspace       used 89555K, committed 89920K, reserved 1130496K
  class space    used 9898K, committed 10048K, reserved 1048576K
}
Event: 20.629 GC heap before
{Heap before GC invocations=33 (full 0):
 garbage-first heap   total 225280K, used 180703K [0x0000000705800000, 0x0000000800000000)
  region size 2048K, 27 young (55296K), 1 survivors (2048K)
 Metaspace       used 90623K, committed 91008K, reserved 1130496K
  class space    used 9985K, committed 10176K, reserved 1048576K
}
Event: 20.637 GC heap after
{Heap after GC invocations=34 (full 0):
 garbage-first heap   total 225280K, used 130716K [0x0000000705800000, 0x0000000800000000)
  region size 2048K, 3 young (6144K), 3 survivors (6144K)
 Metaspace       used 90623K, committed 91008K, reserved 1130496K
  class space    used 9985K, committed 10176K, reserved 1048576K
}
Event: 21.995 GC heap before
{Heap before GC invocations=35 (full 0):
 garbage-first heap   total 233472K, used 177820K [0x0000000705800000, 0x0000000800000000)
  region size 2048K, 27 young (55296K), 3 survivors (6144K)
 Metaspace       used 95566K, committed 95936K, reserved 1138688K
  class space    used 10387K, committed 10560K, reserved 1048576K
}
Event: 22.007 GC heap after
{Heap after GC invocations=36 (full 0):
 garbage-first heap   total 233472K, used 132910K [0x0000000705800000, 0x0000000800000000)
  region size 2048K, 3 young (6144K), 3 survivors (6144K)
 Metaspace       used 95566K, committed 95936K, reserved 1138688K
  class space    used 10387K, committed 10560K, reserved 1048576K
}
Event: 22.128 GC heap before
{Heap before GC invocations=36 (full 0):
 garbage-first heap   total 233472K, used 137006K [0x0000000705800000, 0x0000000800000000)
  region size 2048K, 5 young (10240K), 3 survivors (6144K)
 Metaspace       used 95763K, committed 96192K, reserved 1138688K
  class space    used 10392K, committed 10560K, reserved 1048576K
}

