# JRE version: OpenJDK Runtime Environment (17.0.6) (build 17.0.6+0-b2043.56-10027231)
# Java VM: OpenJDK 64-Bit Server VM (17.0.6+0-b2043.56-10027231, mixed mode, tiered, compressed oops, compressed class ptrs, g1 gc, windows-amd64)
GC Precious Log:
 CPUs: 4 total, 4 available
 Memory: 16025M
 Large Page Support: Disabled
 NUMA Support: Disabled
 Compressed Oops: Enabled (Zero based)
 Heap Region Size: 2M
 Heap Min Capacity: 8M
 Heap Initial Capacity: 252M
 Heap Max Capacity: 4008M
 Pre-touch: Disabled
 Parallel Workers: 4
 Concurrent Workers: 1
 Concurrent Refinement Workers: 4
 Periodic GC: Disabled
Heap:
 garbage-first heap   total 133120K, used 83209K [0x0000000705800000, 0x0000000800000000)
  region size 2048K, 2 young (4096K), 2 survivors (4096K)
 Metaspace       used 69495K, committed 69760K, reserved 1114112K
  class space    used 7860K, committed 8000K, reserved 1048576K
GC Heap History (20 events):
Event: 7.264 GC heap after
{Heap after GC invocations=13 (full 0):
 garbage-first heap   total 102400K, used 45122K [0x0000000705800000, 0x0000000800000000)
  region size 2048K, 2 young (4096K), 2 survivors (4096K)
 Metaspace       used 50958K, committed 51264K, reserved 1097728K
  class space    used 6074K, committed 6208K, reserved 1048576K
}
Event: 7.763 GC heap before
{Heap before GC invocations=13 (full 0):
 garbage-first heap   total 102400K, used 75842K [0x0000000705800000, 0x0000000800000000)
  region size 2048K, 17 young (34816K), 2 survivors (4096K)
 Metaspace       used 51015K, committed 51328K, reserved 1097728K
  class space    used 6074K, committed 6208K, reserved 1048576K
}
Event: 7.776 GC heap after
{Heap after GC invocations=14 (full 0):
 garbage-first heap   total 102400K, used 48104K [0x0000000705800000, 0x0000000800000000)
  region size 2048K, 2 young (4096K), 2 survivors (4096K)
 Metaspace       used 51015K, committed 51328K, reserved 1097728K
  class space    used 6074K, committed 6208K, reserved 1048576K
}
Event: 8.095 GC heap before
{Heap before GC invocations=14 (full 0):
 garbage-first heap   total 102400K, used 76776K [0x0000000705800000, 0x0000000800000000)
  region size 2048K, 16 young (32768K), 2 survivors (4096K)
 Metaspace       used 51026K, committed 51328K, reserved 1097728K
  class space    used 6074K, committed 6208K, reserved 1048576K
}
Event: 8.103 GC heap after
{Heap after GC invocations=15 (full 0):
 garbage-first heap   total 126976K, used 50922K [0x0000000705800000, 0x0000000800000000)
  region size 2048K, 2 young (4096K), 2 survivors (4096K)
 Metaspace       used 51026K, committed 51328K, reserved 1097728K
  class space    used 6074K, committed 6208K, reserved 1048576K
}
Event: 8.299 GC heap before
{Heap before GC invocations=16 (full 0):
 garbage-first heap   total 126976K, used 91882K [0x0000000705800000, 0x0000000800000000)
  region size 2048K, 22 young (45056K), 2 survivors (4096K)
 Metaspace       used 51028K, committed 51328K, reserved 1097728K
  class space    used 6075K, committed 6208K, reserved 1048576K
}
Event: 8.309 GC heap after
{Heap after GC invocations=17 (full 0):
 garbage-first heap   total 126976K, used 55609K [0x0000000705800000, 0x0000000800000000)
  region size 2048K, 3 young (6144K), 3 survivors (6144K)
 Metaspace       used 51028K, committed 51328K, reserved 1097728K
  class space    used 6075K, committed 6208K, reserved 1048576K
}
Event: 8.312 GC heap before
{Heap before GC invocations=17 (full 0):
 garbage-first heap   total 126976K, used 57657K [0x0000000705800000, 0x0000000800000000)
  region size 2048K, 4 young (8192K), 3 survivors (6144K)
 Metaspace       used 51028K, committed 51328K, reserved 1097728K
  class space    used 6075K, committed 6208K, reserved 1048576K
}
Event: 8.321 GC heap after
{Heap after GC invocations=18 (full 0):
 garbage-first heap   total 126976K, used 56515K [0x0000000705800000, 0x0000000800000000)
  region size 2048K, 1 young (2048K), 1 survivors (2048K)
 Metaspace       used 51028K, committed 51328K, reserved 1097728K
  class space    used 6075K, committed 6208K, reserved 1048576K
}
Event: 9.790 GC heap before
{Heap before GC invocations=18 (full 0):
 garbage-first heap   total 126976K, used 95427K [0x0000000705800000, 0x0000000800000000)
  region size 2048K, 20 young (40960K), 1 survivors (2048K)
 Metaspace       used 56228K, committed 56512K, reserved 1105920K
  class space    used 6755K, committed 6912K, reserved 1048576K
}
Event: 9.803 GC heap after
{Heap after GC invocations=19 (full 0):
 garbage-first heap   total 126976K, used 60894K [0x0000000705800000, 0x0000000800000000)
  region size 2048K, 3 young (6144K), 3 survivors (6144K)
 Metaspace       used 56228K, committed 56512K, reserved 1105920K
  class space    used 6755K, committed 6912K, reserved 1048576K
}
Event: 11.305 GC heap before
{Heap before GC invocations=20 (full 0):
 garbage-first heap   total 126976K, used 95710K [0x0000000705800000, 0x0000000800000000)
  region size 2048K, 20 young (40960K), 3 survivors (6144K)
 Metaspace       used 59320K, committed 59584K, reserved 1105920K
  class space    used 6987K, committed 7104K, reserved 1048576K
}
Event: 11.321 GC heap after
{Heap after GC invocations=21 (full 0):
 garbage-first heap   total 126976K, used 65581K [0x0000000705800000, 0x0000000800000000)
  region size 2048K, 3 young (6144K), 3 survivors (6144K)
 Metaspace       used 59320K, committed 59584K, reserved 1105920K
  class space    used 6987K, committed 7104K, reserved 1048576K
}
Event: 12.130 GC heap before
{Heap before GC invocations=21 (full 0):
 garbage-first heap   total 126976K, used 98349K [0x0000000705800000, 0x0000000800000000)
  region size 2048K, 19 young (38912K), 3 survivors (6144K)
 Metaspace       used 60081K, committed 60352K, reserved 1105920K
  class space    used 7034K, committed 7168K, reserved 1048576K
}
Event: 12.150 GC heap after
{Heap after GC invocations=22 (full 0):
 garbage-first heap   total 126976K, used 71964K [0x0000000705800000, 0x0000000800000000)
  region size 2048K, 3 young (6144K), 3 survivors (6144K)
 Metaspace       used 60081K, committed 60352K, reserved 1105920K
  class space    used 7034K, committed 7168K, reserved 1048576K
}
Event: 13.070 GC heap before
{Heap before GC invocations=23 (full 0):
 garbage-first heap   total 131072K, used 94492K [0x0000000705800000, 0x0000000800000000)
  region size 2048K, 15 young (30720K), 3 survivors (6144K)
 Metaspace       used 61538K, committed 61760K, reserved 1105920K
  class space    used 7115K, committed 7232K, reserved 1048576K
}
Event: 13.082 GC heap after
{Heap after GC invocations=24 (full 0):
 garbage-first heap   total 131072K, used 74245K [0x0000000705800000, 0x0000000800000000)
  region size 2048K, 2 young (4096K), 2 survivors (4096K)
 Metaspace       used 61538K, committed 61760K, reserved 1105920K
  class space    used 7115K, committed 7232K, reserved 1048576K
}
Event: 14.004 GC heap before
{Heap before GC invocations=25 (full 0):
 garbage-first heap   total 133120K, used 102917K [0x0000000705800000, 0x0000000800000000)
  region size 2048K, 16 young (32768K), 2 survivors (4096K)
 Metaspace       used 66809K, committed 67072K, reserved 1114112K
  class space    used 7628K, committed 7744K, reserved 1048576K
}
Event: 14.013 GC heap after
{Heap after GC invocations=26 (full 0):
 garbage-first heap   total 133120K, used 79266K [0x0000000705800000, 0x0000000800000000)
  region size 2048K, 2 young (4096K), 2 survivors (4096K)
 Metaspace       used 66809K, committed 67072K, reserved 1114112K
  class space    used 7628K, committed 7744K, reserved 1048576K
}
Event: 14.774 GC heap before
{Heap before GC invocations=26 (full 0):
 garbage-first heap   total 133120K, used 103842K [0x0000000705800000, 0x0000000800000000)
  region size 2048K, 14 young (28672K), 2 survivors (4096K)
 Metaspace       used 69495K, committed 69760K, reserved 1114112K
  class space    used 7860K, committed 8000K, reserved 1048576K
}

